wandb: Using wandb-core as the SDK backend.  Please refer to https://wandb.me/wandb-core for more information.
wandb: Currently logged in as: allepalma (inverse-perturbation-models) to https://api.wandb.ai. Use `wandb login --relogin` to force relogin
wandb: Tracking run with wandb version 0.19.9
wandb: Run data is saved locally in /lustre/groups/ml01/workspace/alessandro.palma/scportrait/experiements/wandb/run-20250808_113844-mkcnu5oe
wandb: Run `wandb offline` to turn off syncing.
wandb: Syncing run scarlet-surf-13
wandb: ⭐️ View project at https://wandb.ai/inverse-perturbation-models/scportrait_ot_sweep_distance_healthy_cite
wandb: 🚀 View run at https://wandb.ai/inverse-perturbation-models/scportrait_ot_sweep_distance_healthy_cite/runs/mkcnu5oe
You have turned on `Trainer(detect_anomaly=True)`. This will significantly slow down compute speed and is recommended only for model debugging.
GPU available: True (cuda), used: True
TPU available: False, using: 0 TPU cores
HPU available: False, using: 0 HPUs
You are using a CUDA device ('NVIDIA A100-PCIE-40GB MIG 3g.20gb') that has Tensor Cores. To properly utilize them, you should set `torch.set_float32_matmul_precision('medium' | 'high')` which will trade-off precision for performance. For more details, read https://pytorch.org/docs/stable/generated/torch.set_float32_matmul_precision.html#torch.set_float32_matmul_precision
LOCAL_RANK: 0 - CUDA_VISIBLE_DEVICES: [MIG-5f262479-5840-557f-a3a2-990375d2e18b]

  | Name      | Type               | Params | Mode 
---------------------------------------------------------
0 | v_mlp     | TimeConditionedMLP | 2.4 M  | train
1 | criterion | MSELoss            | 0      | train
---------------------------------------------------------
2.4 M     Trainable params
0         Non-trainable params
2.4 M     Total params
9.462     Total estimated model params size (MB)
8         Modules in train mode
0         Modules in eval mode
SLURM auto-requeueing enabled. Setting signal handlers.
[2025-08-08T12:32:25.814] error: *** JOB 27773761 ON gpusrv39 CANCELLED AT 2025-08-08T12:32:25 DUE to SIGNAL Terminated ***
submitit WARNING (2025-08-08 12:32:25,815) - Bypassing signal SIGCONT
[2025-08-08T12:32:25.835] error: *** STEP 27773761.0 ON gpusrv39 CANCELLED AT 2025-08-08T12:32:25 DUE to SIGNAL Terminated ***
[rank: 0] Received SIGTERM: 15
